<?xml version="1.0" encoding="utf-8"?><testsuites name="pytest tests"><testsuite name="pytest" errors="0" failures="0" skipped="0" tests="8" time="1.504" timestamp="2026-04-24T19:38:13.883820+00:00" hostname="agent-env-887778d5-c113-4f52-8169-445b479855f0"><testcase classname="backend.tests.test_podosis_backend.TestRootHealth" name="test_api_root" time="0.275" /><testcase classname="backend.tests.test_podosis_backend.TestRootHealth" name="test_api_health" time="0.153" /><testcase classname="backend.tests.test_podosis_backend.TestContact" name="test_contact_create_valid" time="0.111" /><testcase classname="backend.tests.test_podosis_backend.TestContact" name="test_contact_create_persists_in_list" time="0.214" /><testcase classname="backend.tests.test_podosis_backend.TestContact" name="test_contact_invalid_short_name" time="0.148" /><testcase classname="backend.tests.test_podosis_backend.TestContact" name="test_contact_invalid_missing_fields" time="0.166" /><testcase classname="backend.tests.test_podosis_backend.TestContact" name="test_contact_invalid_short_message" time="0.148" /><testcase classname="backend.tests.test_podosis_backend.TestContact" name="test_contact_list_returns_list" time="0.146" /></testsuite></testsuites>